<?xml version="1.0" encoding="UTF-8"?>
<?xml-model href="topic.rng" schematypens="http://relaxng.org/ns/structure/1.0"?>
<topic id="topic-1">
	<title>Topic title</title>
	<body>
		<p>Topic paragraph</p>
		<para>This is a <wordasword>para</wordasword>.</para>
	</body>
</topic>