<?xml version="1.0" encoding="UTF-8"?>
<?xml-model href="topic.rng" schematypens="http://relaxng.org/ns/structure/1.0"?>
<topic id="topic-id">
	<title>Test topic</title>
	<body>
		<p>Test topic.</p>
		<p>Test topic with a <wordasword>specialized</wordasword> element.</p>
		<para id="foo">Hello.</para>
	</body>
</topic>
